Library/Bee/Android/Prj/IL2CPP/Gradle/unityLibrary/build/intermediates/manifest_merge_blame_file/release/manifest-merger-blame-release-report.txt
1<?xml version="1.0" encoding="utf-8"?>
2<manifest xmlns:android="http://schemas.android.com/apk/res/android"
3    xmlns:tools="http://schemas.android.com/tools"
4    package="com.unity3d.player"
5    android:versionCode="10163"
6    android:versionName="10.16.3" >
7
8    <uses-sdk
9        android:minSdkVersion="26"
9-->src/main/AndroidManifest.xml
10        android:targetSdkVersion="34" />
10-->src/main/AndroidManifest.xml
11
12    <uses-feature android:glEsVersion="0x00020000" />
12-->src/main/AndroidManifest.xml:20:3-52
12-->src/main/AndroidManifest.xml:20:17-49
13    <uses-feature
13-->src/main/AndroidManifest.xml:21:3-91
14        android:name="android.hardware.vulkan.version"
14-->src/main/AndroidManifest.xml:21:17-63
15        android:required="false" />
15-->src/main/AndroidManifest.xml:21:64-88
16
17    <uses-permission android:name="android.permission.CAMERA" />
17-->src/main/AndroidManifest.xml:22:3-63
17-->src/main/AndroidManifest.xml:22:20-60
18
19    <uses-feature
19-->src/main/AndroidManifest.xml:23:3-83
20        android:name="android.hardware.camera"
20-->src/main/AndroidManifest.xml:23:17-55
21        android:required="false" />
21-->src/main/AndroidManifest.xml:23:56-80
22    <uses-feature
22-->src/main/AndroidManifest.xml:24:3-93
23        android:name="android.hardware.camera.autofocus"
23-->src/main/AndroidManifest.xml:24:17-65
24        android:required="false" />
24-->src/main/AndroidManifest.xml:24:66-90
25    <uses-feature
25-->src/main/AndroidManifest.xml:25:3-89
26        android:name="android.hardware.camera.front"
26-->src/main/AndroidManifest.xml:25:17-61
27        android:required="false" />
27-->src/main/AndroidManifest.xml:25:62-86
28    <uses-feature
28-->src/main/AndroidManifest.xml:26:3-88
29        android:name="android.hardware.touchscreen"
29-->src/main/AndroidManifest.xml:26:17-60
30        android:required="false" />
30-->src/main/AndroidManifest.xml:26:61-85
31    <uses-feature
31-->src/main/AndroidManifest.xml:27:3-99
32        android:name="android.hardware.touchscreen.multitouch"
32-->src/main/AndroidManifest.xml:27:17-71
33        android:required="false" />
33-->src/main/AndroidManifest.xml:27:72-96
34    <uses-feature
34-->src/main/AndroidManifest.xml:28:3-108
35        android:name="android.hardware.touchscreen.multitouch.distinct"
35-->src/main/AndroidManifest.xml:28:17-80
36        android:required="false" />
36-->src/main/AndroidManifest.xml:28:81-105
37
38    <application android:extractNativeLibs="true" >
38-->src/main/AndroidManifest.xml:3:3-19:17
38-->src/main/AndroidManifest.xml:3:16-48
39        <activity
39-->src/main/AndroidManifest.xml:4:5-11:16
40            android:name="com.unity3d.player.UnityPlayerActivity"
40-->src/main/AndroidManifest.xml:4:15-68
41            android:configChanges="mcc|mnc|locale|touchscreen|keyboard|keyboardHidden|navigation|orientation|screenLayout|uiMode|screenSize|smallestScreenSize|fontScale|layoutDirection|density"
41-->src/main/AndroidManifest.xml:4:180-361
42            android:exported="true"
42-->src/main/AndroidManifest.xml:4:433-456
43            android:hardwareAccelerated="false"
43-->src/main/AndroidManifest.xml:4:397-432
44            android:launchMode="singleTask"
44-->src/main/AndroidManifest.xml:4:148-179
45            android:resizeableActivity="false"
45-->src/main/AndroidManifest.xml:4:362-396
46            android:screenOrientation="portrait"
46-->src/main/AndroidManifest.xml:4:111-147
47            android:theme="@style/UnityThemeSelector" >
47-->src/main/AndroidManifest.xml:4:69-110
48            <intent-filter>
48-->src/main/AndroidManifest.xml:5:7-8:23
49                <action android:name="android.intent.action.MAIN" />
49-->src/main/AndroidManifest.xml:6:9-61
49-->src/main/AndroidManifest.xml:6:17-58
50
51                <category android:name="android.intent.category.LAUNCHER" />
51-->src/main/AndroidManifest.xml:7:9-69
51-->src/main/AndroidManifest.xml:7:19-66
52            </intent-filter>
53
54            <meta-data
54-->src/main/AndroidManifest.xml:9:7-82
55                android:name="unityplayer.UnityActivity"
55-->src/main/AndroidManifest.xml:9:18-58
56                android:value="true" />
56-->src/main/AndroidManifest.xml:9:59-79
57            <meta-data
57-->src/main/AndroidManifest.xml:10:7-78
58                android:name="android.notch_support"
58-->src/main/AndroidManifest.xml:10:18-54
59                android:value="true" />
59-->src/main/AndroidManifest.xml:10:55-75
60        </activity>
61
62        <meta-data
62-->src/main/AndroidManifest.xml:12:5-69
63            android:name="unity.splash-mode"
63-->src/main/AndroidManifest.xml:12:16-48
64            android:value="0" />
64-->src/main/AndroidManifest.xml:12:49-66
65        <meta-data
65-->src/main/AndroidManifest.xml:13:5-74
66            android:name="unity.splash-enable"
66-->src/main/AndroidManifest.xml:13:16-50
67            android:value="True" />
67-->src/main/AndroidManifest.xml:13:51-71
68        <meta-data
68-->src/main/AndroidManifest.xml:14:5-78
69            android:name="unity.launch-fullscreen"
69-->src/main/AndroidManifest.xml:14:16-54
70            android:value="True" />
70-->src/main/AndroidManifest.xml:14:55-75
71        <meta-data
71-->src/main/AndroidManifest.xml:15:5-84
72            android:name="unity.allow-resizable-window"
72-->src/main/AndroidManifest.xml:15:16-59
73            android:value="False" />
73-->src/main/AndroidManifest.xml:15:60-81
74        <meta-data
74-->src/main/AndroidManifest.xml:16:5-81
75            android:name="notch.config"
75-->src/main/AndroidManifest.xml:16:16-43
76            android:value="portrait|landscape" />
76-->src/main/AndroidManifest.xml:16:44-78
77        <meta-data
77-->src/main/AndroidManifest.xml:17:5-84
78            android:name="unity.auto-report-fully-drawn"
78-->src/main/AndroidManifest.xml:17:16-60
79            android:value="true" />
79-->src/main/AndroidManifest.xml:17:61-81
80        <meta-data
80-->src/main/AndroidManifest.xml:18:5-77
81            android:name="com.google.ar.core"
81-->src/main/AndroidManifest.xml:18:16-49
82            android:value="optional" />
82-->src/main/AndroidManifest.xml:18:50-74
83    </application>
84
85</manifest>